<?xml version="1.0" encoding="UTF-8"?>
<!-- Generated by org.testng.reporters.JUnitReportReporter -->
<testsuite skipped="0" hostname="DESKTOP-SDHH2IT" name="hackathon104.TestCases" tests="20" failures="0" timestamp="2020-11-28T01:11:11 IST" time="75.763" errors="0">
  <testcase name="validateAppTitle" time="0.738" classname="hackathon104.TestCases"/>
  <system-out/>
  <testcase name="carLoan" time="16.731" classname="hackathon104.TestCases"/>
  <system-out/>
  <testcase name="homeLoan" time="4.778" classname="hackathon104.TestCases"/>
  <system-out/>
  <testcase name="personalLoan" time="3.986" classname="hackathon104.TestCases"/>
  <system-out/>
  <testcase name="speacialCharLoanAmount" time="3.524" classname="hackathon104.TestCases"/>
  <system-out/>
  <testcase name="speacialCharInterest" time="3.311" classname="hackathon104.TestCases"/>
  <system-out/>
  <testcase name="speacialCharYear" time="3.600" classname="hackathon104.TestCases"/>
  <system-out/>
  <testcase name="nullLoanAmount" time="3.266" classname="hackathon104.TestCases"/>
  <system-out/>
  <testcase name="nullInterest" time="3.193" classname="hackathon104.TestCases"/>
  <system-out/>
  <testcase name="nullYears" time="3.211" classname="hackathon104.TestCases"/>
  <system-out/>
  <testcase name="floatLoans" time="2.763" classname="hackathon104.TestCases"/>
  <system-out/>
  <testcase name="floatYears" time="3.346" classname="hackathon104.TestCases"/>
  <system-out/>
  <testcase name="intInterst" time="2.399" classname="hackathon104.TestCases"/>
  <system-out/>
  <testcase name="charLoan" time="2.392" classname="hackathon104.TestCases"/>
  <system-out/>
  <testcase name="charInterest" time="2.413" classname="hackathon104.TestCases"/>
  <system-out/>
  <testcase name="charYearsMonths" time="3.170" classname="hackathon104.TestCases"/>
  <system-out/>
  <testcase name="charyears" time="3.253" classname="hackathon104.TestCases"/>
  <system-out/>
  <testcase name="exceedInterest" time="2.345" classname="hackathon104.TestCases"/>
  <system-out/>
  <testcase name="exceedLoan" time="2.324" classname="hackathon104.TestCases"/>
  <system-out/>
  <testcase name="exceedYears" time="5.020" classname="hackathon104.TestCases"/>
  <system-out/>
</testsuite> <!-- hackathon104.TestCases -->
